  dualList.cpp
  lab3.cpp
  task3.cpp
C:\Users\Ксения\Documents\универ дз\4 сем\AiSD\AiSD_3lab_4sem\lab3\lab3\task3.cpp(11,26): warning C4018: <: несоответствие типов со знаком и без знака
C:\Users\Ксения\Documents\универ дз\4 сем\AiSD\AiSD_3lab_4sem\lab3\lab3\task3.cpp(32,26): warning C4018: <: несоответствие типов со знаком и без знака
C:\Users\Ксения\Documents\универ дз\4 сем\AiSD\AiSD_3lab_4sem\lab3\lab3\task3.cpp(35,30): warning C4018: <: несоответствие типов со знаком и без знака
C:\Users\Ксения\Documents\универ дз\4 сем\AiSD\AiSD_3lab_4sem\lab3\lab3\task3.cpp(101,27): warning C4018: <: несоответствие типов со знаком и без знака
C:\Users\Ксения\Documents\универ дз\4 сем\AiSD\AiSD_3lab_4sem\lab3\lab3\task3.cpp(111,31): warning C4018: <: несоответствие типов со знаком и без знака
C:\Users\Ксения\Documents\универ дз\4 сем\AiSD\AiSD_3lab_4sem\lab3\lab3\task3.cpp(128,34): warning C4018: <: несоответствие типов со знаком и без знака
C:\Users\Ксения\Documents\универ дз\4 сем\AiSD\AiSD_3lab_4sem\lab3\lab3\task3.cpp(144,31): warning C4018: <: несоответствие типов со знаком и без знака
C:\Users\Ксения\Documents\универ дз\4 сем\AiSD\AiSD_3lab_4sem\lab3\lab3\task3.cpp(161,34): warning C4018: <: несоответствие типов со знаком и без знака
C:\Users\Ксения\Documents\универ дз\4 сем\AiSD\AiSD_3lab_4sem\lab3\lab3\task3.cpp(181,34): warning C4018: <: несоответствие типов со знаком и без знака
C:\Users\Ксения\Documents\универ дз\4 сем\AiSD\AiSD_3lab_4sem\lab3\lab3\task3.cpp(217,34): warning C4018: <: несоответствие типов со знаком и без знака
C:\Users\Ксения\Documents\универ дз\4 сем\AiSD\AiSD_3lab_4sem\lab3\lab3\task3.cpp(249,27): warning C4018: <: несоответствие типов со знаком и без знака
C:\Users\Ксения\Documents\универ дз\4 сем\AiSD\AiSD_3lab_4sem\lab3\lab3\task3.cpp(275,27): warning C4018: <: несоответствие типов со знаком и без знака
C:\Users\Ксения\Documents\универ дз\4 сем\AiSD\AiSD_3lab_4sem\lab3\lab3\task3.cpp(312,27): warning C4018: <: несоответствие типов со знаком и без знака
C:\Users\Ксения\Documents\универ дз\4 сем\AiSD\AiSD_3lab_4sem\lab3\lab3\task3.cpp(322,31): warning C4018: <: несоответствие типов со знаком и без знака
C:\Users\Ксения\Documents\универ дз\4 сем\AiSD\AiSD_3lab_4sem\lab3\lab3\task3.cpp(339,34): warning C4018: <: несоответствие типов со знаком и без знака
C:\Users\Ксения\Documents\универ дз\4 сем\AiSD\AiSD_3lab_4sem\lab3\lab3\task3.cpp(355,31): warning C4018: <: несоответствие типов со знаком и без знака
C:\Users\Ксения\Documents\универ дз\4 сем\AiSD\AiSD_3lab_4sem\lab3\lab3\task3.cpp(372,34): warning C4018: <: несоответствие типов со знаком и без знака
C:\Users\Ксения\Documents\универ дз\4 сем\AiSD\AiSD_3lab_4sem\lab3\lab3\task3.cpp(392,34): warning C4018: <: несоответствие типов со знаком и без знака
C:\Users\Ксения\Documents\универ дз\4 сем\AiSD\AiSD_3lab_4sem\lab3\lab3\task3.cpp(428,34): warning C4018: <: несоответствие типов со знаком и без знака
C:\Users\Ксения\Documents\универ дз\4 сем\AiSD\AiSD_3lab_4sem\lab3\lab3\task3.cpp(460,27): warning C4018: <: несоответствие типов со знаком и без знака
C:\Users\Ксения\Documents\универ дз\4 сем\AiSD\AiSD_3lab_4sem\lab3\lab3\task3.cpp(486,27): warning C4018: <: несоответствие типов со знаком и без знака
C:\Users\Ксения\Documents\универ дз\4 сем\AiSD\AiSD_3lab_4sem\lab3\lab3\task3.cpp(511,30): warning C4018: <: несоответствие типов со знаком и без знака
C:\Users\Ксения\Documents\универ дз\4 сем\AiSD\AiSD_3lab_4sem\lab3\lab3\task3.cpp(526,30): warning C4018: <: несоответствие типов со знаком и без знака
  Создание кода...
  lab3.vcxproj -> C:\Users\Ксения\Documents\универ дз\4 сем\AiSD\AiSD_3lab_4sem\lab3\Debug\lab3.lib
